  CommonSources.cpp
source\CommonSources.cpp(36): warning C4996: 'strcpy': This function or variable may be unsafe. Consider using strcpy_s instead. To disable deprecation, use _CRT_SECURE_NO_WARNINGS. See online help for details.
  C:\Program Files (x86)\Windows Kits\10\Include\10.0.10240.0\ucrt\string.h(119): note: see declaration of 'strcpy'
  fc_matlab.cpp
source\fc_matlab.cpp(38): warning C4273: 'login_fc': inconsistent dll linkage
  r:\fxcm\proj\matlab\fc_matlab_dll\fc_matlab\source\fc_matlab.h(16): note: see previous definition of 'login_fc'
source\fc_matlab.cpp(62): warning C4273: 'logout_fc': inconsistent dll linkage
  r:\fxcm\proj\matlab\fc_matlab_dll\fc_matlab\source\fc_matlab.h(18): note: see previous definition of 'logout_fc'
source\fc_matlab.cpp(94): warning C4273: 'getHistoryPrices': inconsistent dll linkage
  r:\fxcm\proj\matlab\fc_matlab_dll\fc_matlab\source\fc_matlab.h(17): note: see previous definition of 'getHistoryPrices'
source\fc_matlab.cpp(223): warning C4996: 'sprintf': This function or variable may be unsafe. Consider using sprintf_s instead. To disable deprecation, use _CRT_SECURE_NO_WARNINGS. See online help for details.
  C:\Program Files (x86)\Windows Kits\10\Include\10.0.10240.0\ucrt\stdio.h(1769): note: see declaration of 'sprintf'
source\fc_matlab.cpp(238): warning C4996: 'sprintf': This function or variable may be unsafe. Consider using sprintf_s instead. To disable deprecation, use _CRT_SECURE_NO_WARNINGS. See online help for details.
  C:\Program Files (x86)\Windows Kits\10\Include\10.0.10240.0\ucrt\stdio.h(1769): note: see declaration of 'sprintf'
source\fc_matlab.cpp(254): warning C4273: 'createMarketOrder': inconsistent dll linkage
  r:\fxcm\proj\matlab\fc_matlab_dll\fc_matlab\source\fc_matlab.h(19): note: see previous definition of 'createMarketOrder'
source\fc_matlab.cpp(258): warning C4996: 'strcpy': This function or variable may be unsafe. Consider using strcpy_s instead. To disable deprecation, use _CRT_SECURE_NO_WARNINGS. See online help for details.
  C:\Program Files (x86)\Windows Kits\10\Include\10.0.10240.0\ucrt\string.h(119): note: see declaration of 'strcpy'
source\fc_matlab.cpp(284): warning C4273: 'createEntryOrder': inconsistent dll linkage
  r:\fxcm\proj\matlab\fc_matlab_dll\fc_matlab\source\fc_matlab.h(20): note: see previous definition of 'createEntryOrder'
source\fc_matlab.cpp(288): warning C4996: 'strcpy': This function or variable may be unsafe. Consider using strcpy_s instead. To disable deprecation, use _CRT_SECURE_NO_WARNINGS. See online help for details.
  C:\Program Files (x86)\Windows Kits\10\Include\10.0.10240.0\ucrt\string.h(119): note: see declaration of 'strcpy'
source\fc_matlab.cpp(314): warning C4273: 'createELSorder': inconsistent dll linkage
  r:\fxcm\proj\matlab\fc_matlab_dll\fc_matlab\source\fc_matlab.h(21): note: see previous definition of 'createELSorder'
source\fc_matlab.cpp(320): warning C4996: 'strcpy': This function or variable may be unsafe. Consider using strcpy_s instead. To disable deprecation, use _CRT_SECURE_NO_WARNINGS. See online help for details.
  C:\Program Files (x86)\Windows Kits\10\Include\10.0.10240.0\ucrt\string.h(119): note: see declaration of 'strcpy'
source\fc_matlab.cpp(328): warning C4996: 'strcpy': This function or variable may be unsafe. Consider using strcpy_s instead. To disable deprecation, use _CRT_SECURE_NO_WARNINGS. See online help for details.
  C:\Program Files (x86)\Windows Kits\10\Include\10.0.10240.0\ucrt\string.h(119): note: see declaration of 'strcpy'
source\fc_matlab.cpp(332): warning C4996: 'strcpy': This function or variable may be unsafe. Consider using strcpy_s instead. To disable deprecation, use _CRT_SECURE_NO_WARNINGS. See online help for details.
  C:\Program Files (x86)\Windows Kits\10\Include\10.0.10240.0\ucrt\string.h(119): note: see declaration of 'strcpy'
source\fc_matlab.cpp(334): warning C4996: 'strcpy': This function or variable may be unsafe. Consider using strcpy_s instead. To disable deprecation, use _CRT_SECURE_NO_WARNINGS. See online help for details.
  C:\Program Files (x86)\Windows Kits\10\Include\10.0.10240.0\ucrt\string.h(119): note: see declaration of 'strcpy'
source\fc_matlab.cpp(336): warning C4996: 'strcpy': This function or variable may be unsafe. Consider using strcpy_s instead. To disable deprecation, use _CRT_SECURE_NO_WARNINGS. See online help for details.
  C:\Program Files (x86)\Windows Kits\10\Include\10.0.10240.0\ucrt\string.h(119): note: see declaration of 'strcpy'
source\fc_matlab.cpp(358): warning C4273: 'printOpenPositions': inconsistent dll linkage
  r:\fxcm\proj\matlab\fc_matlab_dll\fc_matlab\source\fc_matlab.h(24): note: see previous definition of 'printOpenPositions'
source\fc_matlab.cpp(360): warning C4996: 'strcpy': This function or variable may be unsafe. Consider using strcpy_s instead. To disable deprecation, use _CRT_SECURE_NO_WARNINGS. See online help for details.
  C:\Program Files (x86)\Windows Kits\10\Include\10.0.10240.0\ucrt\string.h(119): note: see declaration of 'strcpy'
source\fc_matlab.cpp(367): warning C4273: 'printOrders': inconsistent dll linkage
  r:\fxcm\proj\matlab\fc_matlab_dll\fc_matlab\source\fc_matlab.h(25): note: see previous definition of 'printOrders'
source\fc_matlab.cpp(369): warning C4996: 'strcpy': This function or variable may be unsafe. Consider using strcpy_s instead. To disable deprecation, use _CRT_SECURE_NO_WARNINGS. See online help for details.
  C:\Program Files (x86)\Windows Kits\10\Include\10.0.10240.0\ucrt\string.h(119): note: see declaration of 'strcpy'
source\fc_matlab.cpp(376): warning C4273: 'changeELSstopLimit': inconsistent dll linkage
  r:\fxcm\proj\matlab\fc_matlab_dll\fc_matlab\source\fc_matlab.h(26): note: see previous definition of 'changeELSstopLimit'
source\fc_matlab.cpp(381): warning C4996: 'strcpy': This function or variable may be unsafe. Consider using strcpy_s instead. To disable deprecation, use _CRT_SECURE_NO_WARNINGS. See online help for details.
  C:\Program Files (x86)\Windows Kits\10\Include\10.0.10240.0\ucrt\string.h(119): note: see declaration of 'strcpy'
source\fc_matlab.cpp(427): warning C4273: 'changeOrder': inconsistent dll linkage
  r:\fxcm\proj\matlab\fc_matlab_dll\fc_matlab\source\fc_matlab.h(27): note: see previous definition of 'changeOrder'
source\fc_matlab.cpp(429): warning C4996: 'strcpy': This function or variable may be unsafe. Consider using strcpy_s instead. To disable deprecation, use _CRT_SECURE_NO_WARNINGS. See online help for details.
  C:\Program Files (x86)\Windows Kits\10\Include\10.0.10240.0\ucrt\string.h(119): note: see declaration of 'strcpy'
source\fc_matlab.cpp(586): warning C4273: 'getRealTimePrices': inconsistent dll linkage
  r:\fxcm\proj\matlab\fc_matlab_dll\fc_matlab\source\fc_matlab.h(22): note: see previous definition of 'getRealTimePrices'
source\fc_matlab.cpp(627): warning C4273: 'stopPrices': inconsistent dll linkage
  r:\fxcm\proj\matlab\fc_matlab_dll\fc_matlab\source\fc_matlab.h(23): note: see previous definition of 'stopPrices'
source\fc_matlab.cpp(644): warning C4996: 'sprintf': This function or variable may be unsafe. Consider using sprintf_s instead. To disable deprecation, use _CRT_SECURE_NO_WARNINGS. See online help for details.
  C:\Program Files (x86)\Windows Kits\10\Include\10.0.10240.0\ucrt\stdio.h(1769): note: see declaration of 'sprintf'
source\fc_matlab.cpp(683): warning C4996: 'strcpy': This function or variable may be unsafe. Consider using strcpy_s instead. To disable deprecation, use _CRT_SECURE_NO_WARNINGS. See online help for details.
  C:\Program Files (x86)\Windows Kits\10\Include\10.0.10240.0\ucrt\string.h(119): note: see declaration of 'strcpy'
source\fc_matlab.cpp(686): warning C4996: 'strcpy': This function or variable may be unsafe. Consider using strcpy_s instead. To disable deprecation, use _CRT_SECURE_NO_WARNINGS. See online help for details.
  C:\Program Files (x86)\Windows Kits\10\Include\10.0.10240.0\ucrt\string.h(119): note: see declaration of 'strcpy'
source\fc_matlab.cpp(750): warning C4996: 'sprintf': This function or variable may be unsafe. Consider using sprintf_s instead. To disable deprecation, use _CRT_SECURE_NO_WARNINGS. See online help for details.
  C:\Program Files (x86)\Windows Kits\10\Include\10.0.10240.0\ucrt\stdio.h(1769): note: see declaration of 'sprintf'
source\fc_matlab.cpp(834): warning C4996: 'sprintf': This function or variable may be unsafe. Consider using sprintf_s instead. To disable deprecation, use _CRT_SECURE_NO_WARNINGS. See online help for details.
  C:\Program Files (x86)\Windows Kits\10\Include\10.0.10240.0\ucrt\stdio.h(1769): note: see declaration of 'sprintf'
  LoginParams.cpp
  Offer.cpp
  OrderMonitor.cpp
  ResponseListener.cpp
source\ResponseListener.cpp(109): warning C4996: 'sprintf': This function or variable may be unsafe. Consider using sprintf_s instead. To disable deprecation, use _CRT_SECURE_NO_WARNINGS. See online help for details.
  C:\Program Files (x86)\Windows Kits\10\Include\10.0.10240.0\ucrt\stdio.h(1769): note: see declaration of 'sprintf'
source\ResponseListener.cpp(152): warning C4996: 'sprintf': This function or variable may be unsafe. Consider using sprintf_s instead. To disable deprecation, use _CRT_SECURE_NO_WARNINGS. See online help for details.
  C:\Program Files (x86)\Windows Kits\10\Include\10.0.10240.0\ucrt\stdio.h(1769): note: see declaration of 'sprintf'
source\ResponseListener.cpp(162): warning C4996: 'sprintf': This function or variable may be unsafe. Consider using sprintf_s instead. To disable deprecation, use _CRT_SECURE_NO_WARNINGS. See online help for details.
  C:\Program Files (x86)\Windows Kits\10\Include\10.0.10240.0\ucrt\stdio.h(1769): note: see declaration of 'sprintf'
source\ResponseListener.cpp(181): warning C4996: 'sprintf': This function or variable may be unsafe. Consider using sprintf_s instead. To disable deprecation, use _CRT_SECURE_NO_WARNINGS. See online help for details.
  C:\Program Files (x86)\Windows Kits\10\Include\10.0.10240.0\ucrt\stdio.h(1769): note: see declaration of 'sprintf'
source\ResponseListener.cpp(203): warning C4996: 'sprintf': This function or variable may be unsafe. Consider using sprintf_s instead. To disable deprecation, use _CRT_SECURE_NO_WARNINGS. See online help for details.
  C:\Program Files (x86)\Windows Kits\10\Include\10.0.10240.0\ucrt\stdio.h(1769): note: see declaration of 'sprintf'
source\ResponseListener.cpp(225): warning C4477: 'sprintf' : format string '%f' requires an argument of type 'double', but variadic argument 4 has type 'const char *'
source\ResponseListener.cpp(225): warning C4996: 'sprintf': This function or variable may be unsafe. Consider using sprintf_s instead. To disable deprecation, use _CRT_SECURE_NO_WARNINGS. See online help for details.
  C:\Program Files (x86)\Windows Kits\10\Include\10.0.10240.0\ucrt\stdio.h(1769): note: see declaration of 'sprintf'
source\ResponseListener.cpp(246): warning C4996: 'sprintf': This function or variable may be unsafe. Consider using sprintf_s instead. To disable deprecation, use _CRT_SECURE_NO_WARNINGS. See online help for details.
  C:\Program Files (x86)\Windows Kits\10\Include\10.0.10240.0\ucrt\stdio.h(1769): note: see declaration of 'sprintf'
source\ResponseListener.cpp(267): warning C4996: 'sprintf': This function or variable may be unsafe. Consider using sprintf_s instead. To disable deprecation, use _CRT_SECURE_NO_WARNINGS. See online help for details.
  C:\Program Files (x86)\Windows Kits\10\Include\10.0.10240.0\ucrt\stdio.h(1769): note: see declaration of 'sprintf'
source\ResponseListener.cpp(287): warning C4996: 'sprintf': This function or variable may be unsafe. Consider using sprintf_s instead. To disable deprecation, use _CRT_SECURE_NO_WARNINGS. See online help for details.
  C:\Program Files (x86)\Windows Kits\10\Include\10.0.10240.0\ucrt\stdio.h(1769): note: see declaration of 'sprintf'
source\ResponseListener.cpp(316): warning C4996: 'sprintf': This function or variable may be unsafe. Consider using sprintf_s instead. To disable deprecation, use _CRT_SECURE_NO_WARNINGS. See online help for details.
  C:\Program Files (x86)\Windows Kits\10\Include\10.0.10240.0\ucrt\stdio.h(1769): note: see declaration of 'sprintf'
source\ResponseListener.cpp(322): warning C4996: 'sprintf': This function or variable may be unsafe. Consider using sprintf_s instead. To disable deprecation, use _CRT_SECURE_NO_WARNINGS. See online help for details.
  C:\Program Files (x86)\Windows Kits\10\Include\10.0.10240.0\ucrt\stdio.h(1769): note: see declaration of 'sprintf'
source\ResponseListener.cpp(326): warning C4996: 'sprintf': This function or variable may be unsafe. Consider using sprintf_s instead. To disable deprecation, use _CRT_SECURE_NO_WARNINGS. See online help for details.
  C:\Program Files (x86)\Windows Kits\10\Include\10.0.10240.0\ucrt\stdio.h(1769): note: see declaration of 'sprintf'
source\ResponseListener.cpp(334): warning C4996: 'sprintf': This function or variable may be unsafe. Consider using sprintf_s instead. To disable deprecation, use _CRT_SECURE_NO_WARNINGS. See online help for details.
  C:\Program Files (x86)\Windows Kits\10\Include\10.0.10240.0\ucrt\stdio.h(1769): note: see declaration of 'sprintf'
source\ResponseListener.cpp(338): warning C4996: 'sprintf': This function or variable may be unsafe. Consider using sprintf_s instead. To disable deprecation, use _CRT_SECURE_NO_WARNINGS. See online help for details.
  C:\Program Files (x86)\Windows Kits\10\Include\10.0.10240.0\ucrt\stdio.h(1769): note: see declaration of 'sprintf'
source\ResponseListener.cpp(342): warning C4477: 'sprintf' : format string '%s' requires an argument of type 'char *', but variadic argument 1 has type 'std::string'
source\ResponseListener.cpp(342): warning C4996: 'sprintf': This function or variable may be unsafe. Consider using sprintf_s instead. To disable deprecation, use _CRT_SECURE_NO_WARNINGS. See online help for details.
  C:\Program Files (x86)\Windows Kits\10\Include\10.0.10240.0\ucrt\stdio.h(1769): note: see declaration of 'sprintf'
source\ResponseListener.cpp(352): warning C4996: 'sprintf': This function or variable may be unsafe. Consider using sprintf_s instead. To disable deprecation, use _CRT_SECURE_NO_WARNINGS. See online help for details.
  C:\Program Files (x86)\Windows Kits\10\Include\10.0.10240.0\ucrt\stdio.h(1769): note: see declaration of 'sprintf'
source\ResponseListener.cpp(356): warning C4477: 'sprintf' : format string '%s' requires an argument of type 'char *', but variadic argument 1 has type 'std::string'
source\ResponseListener.cpp(356): warning C4996: 'sprintf': This function or variable may be unsafe. Consider using sprintf_s instead. To disable deprecation, use _CRT_SECURE_NO_WARNINGS. See online help for details.
  C:\Program Files (x86)\Windows Kits\10\Include\10.0.10240.0\ucrt\stdio.h(1769): note: see declaration of 'sprintf'
source\ResponseListener.cpp(376): warning C4996: 'sprintf': This function or variable may be unsafe. Consider using sprintf_s instead. To disable deprecation, use _CRT_SECURE_NO_WARNINGS. See online help for details.
  C:\Program Files (x86)\Windows Kits\10\Include\10.0.10240.0\ucrt\stdio.h(1769): note: see declaration of 'sprintf'
source\ResponseListener.cpp(386): warning C4996: 'sprintf': This function or variable may be unsafe. Consider using sprintf_s instead. To disable deprecation, use _CRT_SECURE_NO_WARNINGS. See online help for details.
  C:\Program Files (x86)\Windows Kits\10\Include\10.0.10240.0\ucrt\stdio.h(1769): note: see declaration of 'sprintf'
source\ResponseListener.cpp(396): warning C4996: 'sprintf': This function or variable may be unsafe. Consider using sprintf_s instead. To disable deprecation, use _CRT_SECURE_NO_WARNINGS. See online help for details.
  C:\Program Files (x86)\Windows Kits\10\Include\10.0.10240.0\ucrt\stdio.h(1769): note: see declaration of 'sprintf'
source\ResponseListener.cpp(406): warning C4996: 'sprintf': This function or variable may be unsafe. Consider using sprintf_s instead. To disable deprecation, use _CRT_SECURE_NO_WARNINGS. See online help for details.
  C:\Program Files (x86)\Windows Kits\10\Include\10.0.10240.0\ucrt\stdio.h(1769): note: see declaration of 'sprintf'
  SampleParams.cpp
  SessionStatusListener.cpp
  Generating Code...
r:\fxcm\proj\matlab\fc_matlab_dll\fc_matlab\source\fc_matlab.cpp(450): warning C4715: 'changeOrder': not all control paths return a value
r:\fxcm\proj\matlab\fc_matlab_dll\fc_matlab\source\fc_matlab.cpp(687): warning C4172: returning address of local variable or temporary: s2
     Creating library R:\fxcm\proj\Matlab\fc_matlab_dll\x64\Release\fc_matlab.lib and object R:\fxcm\proj\Matlab\fc_matlab_dll\x64\Release\fc_matlab.exp
  LINK : /LTCG specified but no code generation required; remove /LTCG from the link command line to improve linker performance
  fc_matlab.vcxproj -> R:\fxcm\proj\Matlab\fc_matlab_dll\x64\Release\fc_matlab.dll
  fc_matlab.vcxproj -> R:\fxcm\proj\Matlab\fc_matlab_dll\x64\Release\fc_matlab.pdb (Full PDB)
