k:\fxcm\proj\matlab\fc_matlab_dll\fc_matlab\x64\release\vc141.pdb
k:\fxcm\proj\matlab\fc_matlab_dll\fc_matlab\x64\release\sessionstatuslistener.obj
k:\fxcm\proj\matlab\fc_matlab_dll\fc_matlab\x64\release\sampleparams.obj
k:\fxcm\proj\matlab\fc_matlab_dll\fc_matlab\x64\release\responselistener.obj
k:\fxcm\proj\matlab\fc_matlab_dll\fc_matlab\x64\release\ordermonitor.obj
k:\fxcm\proj\matlab\fc_matlab_dll\fc_matlab\x64\release\offer.obj
k:\fxcm\proj\matlab\fc_matlab_dll\fc_matlab\x64\release\loginparams.obj
k:\fxcm\proj\matlab\fc_matlab_dll\fc_matlab\x64\release\fc_matlab.obj
k:\fxcm\proj\matlab\fc_matlab_dll\fc_matlab\x64\release\commonsources.obj
k:\fxcm\proj\matlab\fc_matlab_dll\x64\release\fc_matlab.lib
k:\fxcm\proj\matlab\fc_matlab_dll\x64\release\fc_matlab.exp
k:\fxcm\proj\matlab\fc_matlab_dll\x64\release\fc_matlab.dll
k:\fxcm\proj\matlab\fc_matlab_dll\x64\release\fc_matlab.pdb
k:\fxcm\proj\matlab\fc_matlab_dll\fc_matlab\x64\release\fc_matlab.tlog\cl.command.1.tlog
k:\fxcm\proj\matlab\fc_matlab_dll\fc_matlab\x64\release\fc_matlab.tlog\cl.read.1.tlog
k:\fxcm\proj\matlab\fc_matlab_dll\fc_matlab\x64\release\fc_matlab.tlog\cl.write.1.tlog
k:\fxcm\proj\matlab\fc_matlab_dll\fc_matlab\x64\release\fc_matlab.tlog\fc_matlab.write.1u.tlog
k:\fxcm\proj\matlab\fc_matlab_dll\fc_matlab\x64\release\fc_matlab.tlog\link.command.1.tlog
k:\fxcm\proj\matlab\fc_matlab_dll\fc_matlab\x64\release\fc_matlab.tlog\link.read.1.tlog
k:\fxcm\proj\matlab\fc_matlab_dll\fc_matlab\x64\release\fc_matlab.tlog\link.write.1.tlog
